/BATCH  
/COM,ANSYS RELEASE Release 16.0      BUILD 16.0      UP20141203       09:57:10
/input,menust,tmp,''
/GRA,POWER
/GST,ON
/PLO,INFO,3
/GRO,CURL,ON
/CPLANE,1   
/REPLOT,RESIZE  
WPSTYLE,,,,,,,,0
/REPLOT,RESIZE  
/INPUT,'GuanheDamageCombine','inp','E:\lindinan\ansys\guanhe\GuanheAnsysFilesZRM\',, 0  
/COM,ANSYS RELEASE Release 16.0      BUILD 16.0      UP20141203       10:02:22
elist   
!林迪南定义的后处理
/post1  
set,list
set,1,1 
*SET,nCol,1 
*SET,nElems,3   
*dim,SEN,array,nElems  !nElems个单元,stiff energy
!esel,s,elem,,1070019  !115.4m跨跨中桥面系中部单元
!esel,a,elem,,1058025  !桥塔处桥面系中部单元  
!esel,a,elem,,1008025  !中跨跨中桥面系中部单元   
!*do,i,1,nElems,1   
! *GET,SEN(i) ,elem,i,sene  
!*enddo 
*GET,SEN(1) ,elem,1070019,sene  
*GET,SEN(1) ,elem,1058025,sene  
*GET,SEN(1) ,elem,1008025,sene  
*mwrite,SEN,e:\sen_result,txt,,jik,nCol,nElems  !nElems行nCol列   
! (3e20.4)  
/INPUT,'GuanheNoDama','inp','E:\lindinan\ansys\guanhe\GuanheAnsysFilesZRM\',, 0 
/COM,ANSYS RELEASE Release 16.0      BUILD 16.0      UP20141203       10:20:11
EPLOT   
/VIEW,1,1,1,1   
/ANG,1  
/REP,FAST   
FINISH  
! /EXIT,NOSAV   
